[storage] Generated DEV encryption key. Store VPS_ENCRYPTION_KEY securely: ba3c8fa93d29251fed339c13f5609a66274a744dd4ecbd027a0457a11ad9bfbb
Server running on port 5000
ValidationError: The 'X-Forwarded-For' header is set but the Express 'trust proxy' setting is false (default). This could indicate a misconfiguration which would prevent express-rate-limit from accurately identifying users. See https://express-rate-limit.github.io/ERR_ERL_UNEXPECTED_X_FORWARDED_FOR/ for more information.
    at Object.xForwardedForHeader (file:///var/www/aformulationoftruth/apps/backend/node_modules/express-rate-limit/dist/index.mjs:335:13)
    at wrappedValidations.<computed> [as xForwardedForHeader] (file:///var/www/aformulationoftruth/apps/backend/node_modules/express-rate-limit/dist/index.mjs:577:22)
    at Object.keyGenerator (file:///var/www/aformulationoftruth/apps/backend/node_modules/express-rate-limit/dist/index.mjs:679:20)
    at file:///var/www/aformulationoftruth/apps/backend/node_modules/express-rate-limit/dist/index.mjs:737:32
    at process.processTicksAndRejections (node:internal/process/task_queues:95:5)
    at async file:///var/www/aformulationoftruth/apps/backend/node_modules/express-rate-limit/dist/index.mjs:718:5 {
  code: 'ERR_ERL_UNEXPECTED_X_FORWARDED_FOR',
  help: 'https://express-rate-limit.github.io/ERR_ERL_UNEXPECTED_X_FORWARDED_FOR/'
}
node:internal/modules/esm/resolve:873
  throw new ERR_MODULE_NOT_FOUND(packageName, fileURLToPath(base), null);
        ^

Error [ERR_MODULE_NOT_FOUND]: Cannot find package 'express-rate-limit' imported from /var/www/aformulationoftruth/apps/backend/dist/index.js
    at packageResolve (node:internal/modules/esm/resolve:873:9)
    at moduleResolve (node:internal/modules/esm/resolve:946:18)
    at defaultResolve (node:internal/modules/esm/resolve:1188:11)
    at ModuleLoader.defaultResolve (node:internal/modules/esm/loader:642:12)
    at #cachedDefaultResolve (node:internal/modules/esm/loader:591:25)
    at ModuleLoader.resolve (node:internal/modules/esm/loader:574:38)
    at ModuleLoader.getModuleJobForImport (node:internal/modules/esm/loader:236:38)
    at ModuleJob._link (node:internal/modules/esm/module_job:130:49) {
  code: 'ERR_MODULE_NOT_FOUND'
}

Node.js v20.19.4
node:internal/modules/esm/resolve:873
  throw new ERR_MODULE_NOT_FOUND(packageName, fileURLToPath(base), null);
        ^

Error [ERR_MODULE_NOT_FOUND]: Cannot find package 'express-rate-limit' imported from /var/www/aformulationoftruth/apps/backend/dist/index.js
    at packageResolve (node:internal/modules/esm/resolve:873:9)
    at moduleResolve (node:internal/modules/esm/resolve:946:18)
    at defaultResolve (node:internal/modules/esm/resolve:1188:11)
    at ModuleLoader.defaultResolve (node:internal/modules/esm/loader:642:12)
    at #cachedDefaultResolve (node:internal/modules/esm/loader:591:25)
    at ModuleLoader.resolve (node:internal/modules/esm/loader:574:38)
    at ModuleLoader.getModuleJobForImport (node:internal/modules/esm/loader:236:38)
    at ModuleJob._link (node:internal/modules/esm/module_job:130:49) {
  code: 'ERR_MODULE_NOT_FOUND'
}

Node.js v20.19.4
node:internal/modules/esm/resolve:873
  throw new ERR_MODULE_NOT_FOUND(packageName, fileURLToPath(base), null);
        ^

Error [ERR_MODULE_NOT_FOUND]: Cannot find package 'express-rate-limit' imported from /var/www/aformulationoftruth/apps/backend/dist/index.js
    at packageResolve (node:internal/modules/esm/resolve:873:9)
    at moduleResolve (node:internal/modules/esm/resolve:946:18)
    at defaultResolve (node:internal/modules/esm/resolve:1188:11)
    at ModuleLoader.defaultResolve (node:internal/modules/esm/loader:642:12)
    at #cachedDefaultResolve (node:internal/modules/esm/loader:591:25)
    at ModuleLoader.resolve (node:internal/modules/esm/loader:574:38)
    at ModuleLoader.getModuleJobForImport (node:internal/modules/esm/loader:236:38)
    at ModuleJob._link (node:internal/modules/esm/module_job:130:49) {
  code: 'ERR_MODULE_NOT_FOUND'
}

Node.js v20.19.4
